TN:
SF:/abs/path/github.com/ricallinson/mk3/utils.go
DA:12,5346
DA:13,5346
DA:19,4747
DA:13,5346
DA:14,5346
DA:17,4747
DA:14,599
DA:15,599
DA:16,599
DA:23,591
DA:24,591
DA:25,591
DA:28,270
DA:29,270
DA:30,270
DA:31,270
DA:34,18
DA:35,18
DA:36,18
DA:37,18
DA:40,1
DA:41,1
DA:42,1
DA:45,1
DA:42,0
DA:43,0
DA:44,0
DA:48,1
DA:49,1
DA:50,1
DA:56,1
DA:50,1
DA:51,1
DA:52,1
DA:52,0
DA:53,0
DA:54,0
DA:59,0
DA:60,0
DA:61,0
DA:64,0
LF:41
LH:31
end_of_record
TN:
SF:/abs/path/github.com/ricallinson/mk3/executor.go
DA:76,33
DA:77,33
DA:78,33
DA:79,33
DA:80,33
DA:81,33
DA:82,33
DA:84,32
DA:85,32
DA:86,32
DA:88,1
DA:89,1
DA:90,1
DA:95,1
DA:90,256
DA:91,256
DA:91,256
DA:92,256
DA:93,256
DA:98,285
DA:99,285
DA:100,285
DA:103,285
DA:106,285
DA:113,285
DA:116,285
DA:119,285
DA:122,285
DA:129,285
DA:132,285
DA:135,285
DA:138,285
DA:141,285
DA:144,285
DA:147,285
DA:150,285
DA:154,285
DA:161,285
DA:164,285
DA:167,285
DA:170,285
DA:173,285
DA:176,285
DA:179,285
DA:182,285
DA:185,285
DA:188,285
DA:191,285
DA:100,1
DA:101,1
DA:102,1
DA:103,1
DA:104,1
DA:105,1
DA:106,1
DA:107,1
DA:108,1
DA:113,1
DA:114,1
DA:115,1
DA:116,1
DA:117,1
DA:118,1
DA:119,285
DA:120,285
DA:121,285
DA:122,1
DA:123,1
DA:124,1
DA:129,1
DA:130,1
DA:131,1
DA:132,1
DA:133,1
DA:134,1
DA:135,1
DA:136,1
DA:137,1
DA:138,1
DA:139,1
DA:140,1
DA:141,1
DA:142,1
DA:143,1
DA:144,1
DA:145,1
DA:146,1
DA:147,1
DA:148,1
DA:149,1
DA:150,1
DA:151,1
DA:152,1
DA:154,2
DA:155,2
DA:156,2
DA:159,2
DA:156,1
DA:157,1
DA:158,1
DA:161,1
DA:162,1
DA:163,1
DA:164,1
DA:165,1
DA:166,1
DA:167,1
DA:168,1
DA:169,1
DA:170,1
DA:171,1
DA:172,1
DA:173,1
DA:174,1
DA:175,1
DA:176,1
DA:177,1
DA:178,1
DA:179,1
DA:180,1
DA:181,1
DA:182,1
DA:183,1
DA:184,1
DA:185,1
DA:186,1
DA:187,1
LF:127
LH:127
end_of_record
TN:
SF:/abs/path/github.com/ricallinson/mk3/main.go
DA:19,0
DA:20,0
DA:21,0
DA:22,0
DA:23,0
DA:24,0
DA:25,0
DA:26,0
DA:27,0
DA:28,0
DA:29,0
DA:30,0
DA:31,0
DA:32,0
DA:33,0
DA:34,0
DA:35,0
DA:36,0
DA:37,0
DA:38,0
DA:39,0
DA:40,0
DA:41,0
DA:42,0
DA:43,0
DA:44,0
DA:45,0
DA:46,0
DA:47,0
DA:51,0
DA:54,0
DA:57,0
DA:61,0
DA:65,0
DA:69,0
DA:73,0
DA:79,0
DA:80,0
DA:81,0
DA:82,0
DA:88,0
DA:47,0
DA:48,0
DA:49,0
DA:50,0
DA:51,0
DA:52,0
DA:53,0
DA:54,0
DA:55,0
DA:56,0
DA:57,0
DA:58,0
DA:59,0
DA:60,0
DA:61,0
DA:62,0
DA:63,0
DA:64,0
DA:65,0
DA:66,0
DA:67,0
DA:68,0
DA:69,0
DA:70,0
DA:71,0
DA:72,0
DA:73,0
DA:74,0
DA:75,0
DA:76,0
DA:82,0
DA:83,0
DA:84,0
DA:84,0
DA:85,0
DA:86,0
DA:92,0
DA:93,0
DA:94,0
DA:95,0
DA:96,0
DA:97,0
DA:98,0
DA:99,0
DA:100,0
DA:101,0
DA:102,0
DA:105,0
DA:102,0
DA:103,0
DA:104,0
DA:108,0
DA:109,0
DA:110,0
DA:111,0
DA:112,0
DA:117,0
DA:121,0
DA:112,0
DA:113,0
DA:114,0
DA:114,0
DA:115,0
DA:116,0
DA:117,0
DA:118,0
DA:119,0
DA:120,0
DA:125,0
DA:126,0
DA:127,0
DA:130,0
DA:131,0
DA:132,0
DA:133,0
DA:134,0
DA:152,0
DA:153,0
DA:134,0
DA:135,0
DA:135,0
DA:136,0
DA:141,0
DA:144,0
DA:145,0
DA:146,0
DA:136,0
DA:137,0
DA:138,0
DA:138,0
DA:139,0
DA:140,0
DA:141,0
DA:142,0
DA:143,0
DA:147,0
DA:148,0
DA:149,0
DA:150,0
DA:156,0
DA:157,0
DA:158,0
DA:159,0
DA:168,0
DA:159,0
DA:160,0
DA:161,0
DA:161,0
DA:162,0
DA:163,0
DA:164,0
DA:165,0
DA:166,0
DA:171,0
DA:172,0
DA:180,0
DA:181,0
DA:172,0
DA:173,0
DA:174,0
DA:174,0
DA:175,0
DA:176,0
DA:177,0
DA:178,0
DA:184,0
DA:185,0
DA:188,0
DA:185,0
DA:186,0
DA:187,0
DA:191,0
DA:192,0
DA:211,0
DA:192,0
DA:193,0
DA:194,0
DA:195,0
DA:196,0
DA:209,0
DA:196,0
DA:197,0
DA:198,0
DA:198,0
DA:199,0
DA:200,0
DA:201,0
DA:202,0
DA:203,0
DA:204,0
DA:205,0
LF:192
LH:0
end_of_record
TN:
SF:/abs/path/github.com/ricallinson/mk3/mk3_dt.go
DA:20,61
DA:21,61
DA:22,61
DA:23,61
DA:24,61
DA:25,61
DA:27,60
DA:28,60
DA:29,60
DA:31,599
DA:32,599
DA:33,599
DA:34,599
DA:35,599
DA:43,599
DA:44,599
DA:35,5346
DA:36,5346
DA:37,5346
DA:40,4747
DA:41,4747
DA:37,599
DA:38,599
DA:47,599
DA:48,599
DA:49,599
DA:53,599
DA:49,0
DA:50,0
DA:51,0
DA:56,599
DA:57,599
DA:58,599
DA:59,599
DA:60,599
DA:61,599
DA:62,599
DA:63,599
DA:64,599
DA:65,599
DA:79,599
DA:80,599
DA:65,3248
DA:66,3248
DA:77,2661
DA:66,1775
DA:67,1775
DA:68,1775
DA:69,1775
DA:69,1473
DA:69,886
DA:70,886
DA:71,886
DA:72,886
DA:72,587
DA:72,587
DA:73,587
DA:74,587
DA:75,587
DA:83,0
DA:84,0
DA:85,0
DA:86,0
DA:89,4
DA:90,4
DA:93,2
DA:94,2
DA:95,2
DA:90,2
DA:91,2
DA:92,2
DA:98,258
DA:99,258
DA:100,258
DA:101,258
DA:102,258
DA:104,2
DA:105,2
DA:106,2
DA:107,2
DA:108,2
DA:111,1
DA:112,1
DA:113,1
DA:114,1
DA:118,1
DA:119,1
DA:114,0
DA:115,0
DA:116,0
DA:122,0
DA:123,0
DA:124,0
DA:125,0
DA:126,0
DA:129,0
DA:130,0
DA:126,0
DA:127,0
DA:128,0
DA:133,0
DA:134,0
DA:135,0
DA:136,0
DA:139,0
DA:136,0
DA:137,0
DA:138,0
DA:142,0
DA:143,0
DA:144,0
DA:145,0
DA:146,0
DA:147,0
DA:150,0
DA:151,0
DA:154,0
DA:155,0
DA:156,0
DA:147,0
DA:148,0
DA:149,0
DA:151,0
DA:152,0
DA:153,0
DA:159,2
DA:160,2
DA:161,2
DA:162,2
DA:163,2
DA:165,2
DA:166,2
DA:167,2
DA:168,2
DA:169,2
DA:172,288
DA:173,288
DA:176,286
DA:177,286
DA:178,286
DA:179,286
DA:173,2
DA:174,2
DA:175,2
DA:182,2
DA:183,2
DA:184,2
DA:185,2
DA:186,2
DA:188,4
DA:189,4
DA:192,2
DA:193,2
DA:194,2
DA:189,2
DA:190,2
DA:191,2
DA:197,2
DA:198,2
DA:199,2
DA:200,2
DA:201,2
DA:203,2
DA:204,2
DA:205,2
DA:206,2
DA:207,2
DA:209,2
DA:210,2
DA:211,2
DA:212,2
DA:213,2
DA:215,2
DA:216,2
DA:217,2
DA:218,2
DA:219,2
DA:222,2
DA:223,2
DA:224,2
DA:225,2
DA:226,2
DA:228,2
DA:229,2
DA:230,2
DA:231,2
DA:232,2
DA:234,2
DA:235,2
DA:236,2
DA:237,2
DA:238,2
DA:240,2
DA:241,2
DA:242,2
DA:243,2
DA:244,2
DA:246,4
DA:247,4
DA:248,4
DA:251,4
DA:252,4
DA:253,4
DA:248,2
DA:249,2
DA:250,2
DA:256,1
DA:257,1
DA:258,1
DA:259,1
DA:260,1
DA:262,2
DA:263,2
DA:264,2
DA:265,2
DA:266,2
DA:269,4
DA:270,4
DA:273,3
DA:274,3
DA:275,3
DA:270,1
DA:271,1
DA:272,1
DA:279,4
DA:280,4
DA:283,3
DA:284,3
DA:285,3
DA:280,1
DA:281,1
DA:282,1
DA:289,4
DA:290,4
DA:293,3
DA:294,3
DA:295,3
DA:290,1
DA:291,1
DA:292,1
DA:298,2
DA:299,2
DA:300,2
DA:301,2
DA:302,2
DA:305,4
DA:306,4
DA:309,2
DA:310,2
DA:311,2
DA:306,2
DA:307,2
DA:308,2
DA:315,4
DA:316,4
DA:319,2
DA:320,2
DA:321,2
DA:316,2
DA:317,2
DA:318,2
DA:325,4
DA:326,4
DA:329,2
DA:330,2
DA:331,2
DA:326,2
DA:327,2
DA:328,2
LF:269
LH:224
end_of_record
