mode: set
_/Users/allinson/Go/apps/covfmt/lcov.go:9.73,28.27 5 0
_/Users/allinson/Go/apps/covfmt/lcov.go:39.2,48.34 3 0
_/Users/allinson/Go/apps/covfmt/lcov.go:28.27,30.45 1 0
_/Users/allinson/Go/apps/covfmt/lcov.go:30.45,32.21 2 0
_/Users/allinson/Go/apps/covfmt/lcov.go:35.4,35.81 1 0
_/Users/allinson/Go/apps/covfmt/lcov.go:32.21,34.5 1 0
_/Users/allinson/Go/apps/covfmt/lcov.go:51.52,53.39 2 1
_/Users/allinson/Go/apps/covfmt/lcov.go:56.2,56.11 1 1
_/Users/allinson/Go/apps/covfmt/lcov.go:53.39,55.3 1 0
_/Users/allinson/Go/apps/covfmt/main.go:21.60,22.25 1 0
_/Users/allinson/Go/apps/covfmt/main.go:25.2,39.29 13 0
_/Users/allinson/Go/apps/covfmt/main.go:22.25,24.3 1 0
_/Users/allinson/Go/apps/covfmt/main.go:42.60,45.21 3 1
_/Users/allinson/Go/apps/covfmt/main.go:54.2,54.38 1 1
_/Users/allinson/Go/apps/covfmt/main.go:57.2,57.15 1 1
_/Users/allinson/Go/apps/covfmt/main.go:45.21,46.56 1 0
_/Users/allinson/Go/apps/covfmt/main.go:46.56,48.39 1 0
_/Users/allinson/Go/apps/covfmt/main.go:51.4,51.36 1 0
_/Users/allinson/Go/apps/covfmt/main.go:48.39,50.5 1 0
_/Users/allinson/Go/apps/covfmt/main.go:54.38,56.3 1 0
_/Users/allinson/Go/apps/covfmt/main.go:60.13,62.2 1 1
