TN:
SF:/Users/allinson/Go/apps/covfmt/lcov.go
DA:9,0
DA:10,0
DA:11,0
DA:12,0
DA:13,0
DA:14,0
DA:15,0
DA:16,0
DA:17,0
DA:18,0
DA:19,0
DA:20,0
DA:21,0
DA:22,0
DA:23,0
DA:24,0
DA:25,0
DA:26,0
DA:27,0
DA:28,0
DA:39,0
DA:40,0
DA:41,0
DA:42,0
DA:43,0
DA:44,0
DA:45,0
DA:46,0
DA:47,0
DA:48,0
DA:28,0
DA:29,0
DA:30,0
DA:30,0
DA:31,0
DA:32,0
DA:35,0
DA:32,0
DA:33,0
DA:34,0
DA:51,1
DA:52,1
DA:53,1
DA:56,1
DA:53,0
DA:54,0
DA:55,0
LF:47
LH:4
end_of_record
TN:
SF:/Users/allinson/Go/apps/covfmt/main.go
DA:21,0
DA:22,0
DA:25,0
DA:26,0
DA:27,0
DA:28,0
DA:29,0
DA:30,0
DA:31,0
DA:32,0
DA:33,0
DA:34,0
DA:35,0
DA:36,0
DA:37,0
DA:38,0
DA:39,0
DA:22,0
DA:23,0
DA:24,0
DA:42,1
DA:43,1
DA:44,1
DA:45,1
DA:54,1
DA:57,1
DA:45,0
DA:46,0
DA:46,0
DA:47,0
DA:48,0
DA:51,0
DA:48,0
DA:49,0
DA:50,0
DA:54,0
DA:55,0
DA:56,0
DA:60,1
DA:61,1
DA:62,1
LF:41
LH:9
end_of_record
