TN:
SF:/Users/allinson/Go/apps/covfmt/lcov.go
DA:9,1
DA:10,1
DA:11,1
DA:12,1
DA:13,1
DA:14,1
DA:15,1
DA:16,1
DA:17,1
DA:18,1
DA:19,1
DA:20,1
DA:21,1
DA:22,1
DA:23,1
DA:24,1
DA:25,1
DA:26,1
DA:27,1
DA:28,1
DA:39,1
DA:40,1
DA:41,1
DA:42,1
DA:43,1
DA:44,1
DA:45,1
DA:46,1
DA:47,1
DA:48,1
DA:28,1
DA:29,1
DA:30,1
DA:30,1
DA:31,1
DA:32,1
DA:35,1
DA:32,1
DA:33,1
DA:34,1
DA:51,1
DA:52,1
DA:53,1
DA:54,1
DA:57,1
DA:58,1
DA:59,1
DA:60,1
DA:61,1
DA:65,1
DA:54,0
DA:55,0
DA:56,0
DA:61,1
DA:62,1
DA:63,1
LF:56
LH:53
end_of_record
TN:
SF:/Users/allinson/Go/apps/covfmt/main.go
DA:21,1
DA:22,1
DA:23,1
DA:27,1
DA:28,1
DA:29,1
DA:30,1
DA:31,1
DA:32,1
DA:33,1
DA:34,1
DA:35,1
DA:36,1
DA:37,1
DA:38,1
DA:39,1
DA:40,1
DA:41,1
DA:42,1
DA:43,1
DA:23,1
DA:24,1
DA:25,1
DA:46,1
DA:47,1
DA:48,1
DA:49,1
DA:58,1
DA:61,1
DA:49,1
DA:50,1
DA:50,1
DA:51,1
DA:52,1
DA:55,1
DA:52,1
DA:53,1
DA:54,1
DA:58,0
DA:59,0
DA:60,0
DA:64,1
DA:65,1
DA:66,1
DA:68,1
DA:69,1
DA:70,1
DA:73,1
DA:74,1
DA:70,0
DA:71,0
DA:72,0
LF:52
LH:46
end_of_record
